C51 COMPILER V9.01   LED                                                                   02/13/2023 19:58:29 PAGE 1   


C51 COMPILER V9.01, COMPILATION OF MODULE LED
OBJECT MODULE PLACED IN LED.OBJ
COMPILER INVOKED BY: D:\KEIL4 C51\C51\BIN\C51.EXE LED.c BROWSE DEBUG OBJECTEXTEND

line level    source

   1          #include"reg52.h"
   2          
   3          typedef unsigned int u16;
   4          typedef unsigned char u8;
   5          
   6          #define LED P0
   7          
   8          sbit HC138_A = P2^5;
   9          sbit HC138_B = P2^5;
  10          sbit HC138_C = P2^7;
  11          
  12          
  13          void delay_10us(u16 ten_us)//延时函数，当传入Ten_us=1时，大约延时10us
  14          {
  15   1              while(ten_us--);
  16   1      }
  17          
  18          void SeleteHC573(u8 channel) // 锁存器选择 用于使能对应锁存器启动对应外设
  19          {
  20   1              switch(channel)
  21   1              {
  22   2                      case 4:
  23   2                              P2 = (P2 & 0x1f) | 0x80; // (P2 & 0x1f)选择高三位，或上0x80(1000 0000)对高三位进行判断 使高三为100
  24   2                      break;
  25   2                      case 5:
  26   2                              P2 = (P2 & 0x1f) | 0xa0;
  27   2                      break;
  28   2                      case 6:
  29   2                              P2 = (P2 & 0x1f) | 0xc0;
  30   2                      break;
  31   2                      case 7:
  32   2                              P2 = (P2 & 0x1f) | 0xe0;
  33   2                      break;
  34   2              }       
  35   1      }
  36          
  37          void LEDRunning()
  38          {
  39   1              u8 i;
  40   1              // y4为0 使能锁存器
  41   1              HC138_A = 1;
  42   1              HC138_B = 0;
  43   1              HC138_C = 0;
  44   1      
  45   1              //LED = 0x00;
  46   1              //delay_10us(50000);
  47   1              //LED = 0xff;
  48   1              //delay_10us(50000);
  49   1      
  50   1              // 依次点亮
  51   1              for(i = 0; i <= 8; i++)
  52   1              {
  53   2                      P0 = 0xff << i; // 左移后补位为0 左移几位就有几个灯亮 以实现依次点亮效果
  54   2                      delay_10us(50000);
  55   2              }
C51 COMPILER V9.01   LED                                                                   02/13/2023 19:58:29 PAGE 2   

  56   1      
  57   1              // 依次熄灭
  58   1              for(i = 0; i <= 8; i++)
  59   1              {
  60   2                      P0 = ~(0xff << i); // 熄灭为亮的取反
  61   2                      delay_10us(50000);
  62   2              }
  63   1                      
  64   1      }
  65          
  66          void main()
  67          {
  68   1              while(1)
  69   1              {
  70   2                      //LEDRunning();
  71   2      
  72   2                      //P2 = 0x80;
  73   2                      SeleteHC573(4);
  74   2                      P0 = 0xf0;
  75   2                      delay_10us(100000);
  76   2                      P0 = 0x0f;
  77   2                      delay_10us(100000);
  78   2              }
  79   1      }


MODULE INFORMATION:   STATIC OVERLAYABLE
   CODE SIZE        =    143    ----
   CONSTANT SIZE    =   ----    ----
   XDATA SIZE       =   ----    ----
   PDATA SIZE       =   ----    ----
   DATA SIZE        =   ----    ----
   IDATA SIZE       =   ----    ----
   BIT SIZE         =   ----    ----
END OF MODULE INFORMATION.


C51 COMPILATION COMPLETE.  0 WARNING(S),  0 ERROR(S)
