C51 COMPILER V9.01   ZD                                                                    02/04/2023 15:36:40 PAGE 1   


C51 COMPILER V9.01, COMPILATION OF MODULE ZD
OBJECT MODULE PLACED IN ZD.OBJ
COMPILER INVOKED BY: D:\KEIL4 C51\C51\BIN\C51.EXE ZD.c BROWSE DEBUG OBJECTEXTEND

line level    source

   1          #include"reg52.h"
   2          
   3          typedef unsigned int u16;
   4          typedef unsigned char u8;
   5          
   6          void delay_10us(u16 ten_us)//延时函数，当传入Ten_us=1时，大约延时10us
   7          {
   8   1              while(ten_us--);
   9   1      }
  10          
  11          void SeleteHC573(u8 channel) // 锁存器选择 用于使能对应锁存器启动对应外设
  12          {
  13   1              switch(channel)
  14   1              {
  15   2                      case 4:
  16   2                              P2 = (P2 & 0x1f) | 0x80; // (P2 & 0x1f)选择高三位，或上0x80(1000 0000)对高三位进行判断 使高三为100
  17   2                      break;
  18   2                      case 5:
  19   2                              P2 = (P2 & 0x1f) | 0xa0;
  20   2                      break;
  21   2                      case 6:
  22   2                              P2 = (P2 & 0x1f) | 0xc0;
  23   2                      break;
  24   2                      case 7:
  25   2                              P2 = (P2 & 0x1f) | 0xe0;
  26   2                      break;
  27   2              }       
  28   1      }
  29          
  30          void init_int0()
  31          {
  32   1              IT0 = 1;
  33   1              EX0 = 1;
  34   1              EA = 1;
  35   1      }
  36          
  37          void init_timer0()
  38          {
  39   1              TMOD |= 0X01;
  40   1              TH0 = (65535 - 50000) / 256;
  41   1              TL0 = (65535 - 50000) % 256;
  42   1      
  43   1              ET0 = 1;
  44   1              EA = 1;
  45   1              TR0 = 1;
  46   1      
  47   1      }
  48          
  49          void serviceINT0() interrupt 0
  50          {
  51   1                      
  52   1      }
  53          
  54          u8 count = 0;
  55          void serviceTIMER0() interrupt 1
C51 COMPILER V9.01   ZD                                                                    02/04/2023 15:36:40 PAGE 2   

  56          {
  57   1              TH0 = (65535 - 50000) / 256; // 重新设定定时时间
  58   1              TL0 = (65535 - 50000) % 256;
  59   1      
  60   1              count ++;
  61   1              if(count == 10)
  62   1              {
  63   2                      L1 = ~L1;
*** ERROR C202 IN LINE 63 OF ZD.C: 'L1': undefined identifier
  64   2                      count = 0;      
  65   2              }
  66   1      }
  67          
  68          void main()
  69          {
  70   1              SeleteHC573(4);
  71   1              InitTimer0();
  72   1              while(1)
  73   1              {                       
  74   2              }
  75   1      }

C51 COMPILATION COMPLETE.  0 WARNING(S),  1 ERROR(S)
