C51 COMPILER V9.01   MAIN                                                                  02/12/2023 10:50:24 PAGE 1   


C51 COMPILER V9.01, COMPILATION OF MODULE MAIN
OBJECT MODULE PLACED IN .\obj\main.obj
COMPILER INVOKED BY: D:\KEIL4 C51\C51\BIN\C51.EXE main.c BROWSE INCDIR(..\2021) DEBUG OBJECTEXTEND OBJECT(.\obj\main.obj
                    -)

line level    source

   1          #include "STC15F2K60S2.h"
   2          
   3          typedef unsigned char u8;
   4          typedef unsigned int u16;
   5          
   6          u8 smg_nodot[] = {0xC0, 0xF9, 0xA4, 0xB0, 0x99, 0x92, 0x82 , 0xF8, 0x80, 0x90, 0xff, 0x63, 0x31, 0x11}; //
             - c p a
   7          u8 smg_dot[] = {0x40, 0x79, 0x24, 0x30, 0x19, 0x12, 0x02, 0x78, 0x00, 0x10, 0xff};


MODULE INFORMATION:   STATIC OVERLAYABLE
   CODE SIZE        =   ----    ----
   CONSTANT SIZE    =   ----    ----
   XDATA SIZE       =   ----    ----
   PDATA SIZE       =   ----    ----
   DATA SIZE        =     25    ----
   IDATA SIZE       =   ----    ----
   BIT SIZE         =   ----    ----
END OF MODULE INFORMATION.


C51 COMPILATION COMPLETE.  0 WARNING(S),  0 ERROR(S)
