C51 COMPILER V9.01   DS1302_                                                               04/05/2023 14:47:06 PAGE 1   


C51 COMPILER V9.01, COMPILATION OF MODULE DS1302_
OBJECT MODULE PLACED IN DS1302_.OBJ
COMPILER INVOKED BY: D:\KEIL4 C51\C51\BIN\C51.EXE DS1302_.c BROWSE INCDIR(..\DS1302) DEBUG OBJECTEXTEND

line level    source

   1          #include "STC15F2K60S2.h"  
   2          #include "intrins.h"
   3          #include "DS1302.h"
   4          
   5          sbit HC138_A = P2^5;        
   6          sbit HC138_B = P2^6;        
   7          sbit HC138_C = P2^7;        
   8          
   9          sbit SCLK = P1^7; 
  10          sbit DSIO = P2^3;
  11          unsigned char code READ_RTC_ADDR[7] = {0x81, 0x83, 0x85, 0x87, 0x89, 0x8b, 0x8d};
  12          unsigned char code WRITE_RTC_ADDR[7] = {0x80, 0x82, 0x84, 0x86, 0x88, 0x8a, 0x8c};
  13          unsigned char TIME[7] = {0x30, 0x50, 0x23, 0x17, 0x02, 0x06, 0x18};
  14          
  15          unsigned char code SMG_NoDot[18] = 
  16              {0xc0,0xf9,0xa4,0xb0,0x99,0x92,0x82,0xf8,
  17               0x80,0x90,0x88,0x80,0xc6,0xc0,0x86,0x8e,
  18               0xbf,0x7f};
  19          
  20          void DelaySMG(unsigned int time)
  21          {
  22   1              while(time--);
  23   1      }
  24          
  25          void Init74HC138(unsigned char n)
  26          {
  27   1              switch(n)
  28   1              {
  29   2                      case 4:
  30   2                              HC138_A = 0;
  31   2                              HC138_B = 0;
  32   2                              HC138_C = 1;
  33   2                              break;
  34   2                      case 5:
  35   2                              HC138_A = 1;
  36   2                              HC138_B = 0;
  37   2                              HC138_C = 1;
  38   2                              break;
  39   2                      case 6:
  40   2                              HC138_A = 0;
  41   2                              HC138_B = 1;
  42   2                              HC138_C = 1;
  43   2                              break;
  44   2                      case 7:
  45   2                              HC138_A = 1;
  46   2                              HC138_B = 1;
  47   2                              HC138_C = 1;
  48   2                              break;
  49   2                      case 8:
  50   2                              HC138_A = 0;
  51   2                              HC138_B = 0;
  52   2                              HC138_C = 0;
  53   2                              break;
  54   2              }
  55   1      }
C51 COMPILER V9.01   DS1302_                                                               04/05/2023 14:47:06 PAGE 2   

  56          void Init()
  57          {
  58   1              Init74HC138(5);
  59   1              P0 = 0x00;
  60   1              Init74HC138(4);
  61   1              P0 = 0xff;
  62   1      }
  63          void DispaySMG_Bit(unsigned char value, unsigned char pos)
  64          {
  65   1              Init74HC138(6);
  66   1              P0 = (0x01 << pos);
  67   1              Init74HC138(7);
  68   1              P0 = value;
  69   1      }
  70          
  71          void DS1302_Config()
  72          {
  73   1              unsigned char n;
  74   1              Write_Ds1302_Byte(0x8E,0x00); 
  75   1              for (n=0; n<7; n++) 
  76   1              {
  77   2                      Write_Ds1302_Byte(WRITE_RTC_ADDR[n],TIME[n]);        
  78   2              }
  79   1              Write_Ds1302_Byte(0x8E,0x80); 
  80   1      }
  81          
  82          void DS1302_ReadTime()
  83          {
  84   1              unsigned char n;
  85   1              for (n=0; n<7; n++) 
  86   1              {
  87   2                      TIME[n] = Read_Ds1302_Byte(READ_RTC_ADDR[n]);
  88   2              }                
  89   1      }
  90          
  91          void XMF_ShowRealTime()
  92          {
  93   1      
  94   1              DispaySMG_Bit(SMG_NoDot[TIME[2]/16],0);        
  95   1              DelaySMG(500);
  96   1              DispaySMG_Bit(0xff,0);                        
  97   1              DispaySMG_Bit(SMG_NoDot[TIME[2]&0x0f],1);
  98   1              DelaySMG(500);
  99   1              DispaySMG_Bit(0xff,1);
 100   1              DispaySMG_Bit(SMG_NoDot[16],2);
 101   1              DelaySMG(500);
 102   1              DispaySMG_Bit(0xff,2);
 103   1      
 104   1              DispaySMG_Bit(SMG_NoDot[TIME[1]/16],3);
 105   1              DelaySMG(500);
 106   1              DispaySMG_Bit(0xff,3);
 107   1              DispaySMG_Bit(SMG_NoDot[TIME[1]&0x0f],4);
 108   1              DelaySMG(500);
 109   1              DispaySMG_Bit(0xff,4);
 110   1              DispaySMG_Bit(SMG_NoDot[16],5);
 111   1              DelaySMG(500);
 112   1              DispaySMG_Bit(0xff,5);
 113   1      
 114   1              DispaySMG_Bit(SMG_NoDot[TIME[0]/16],6);
 115   1              DelaySMG(500);
 116   1              DispaySMG_Bit(0xff,6);
 117   1              DispaySMG_Bit(SMG_NoDot[TIME[0]&0x0f],7);
C51 COMPILER V9.01   DS1302_                                                               04/05/2023 14:47:06 PAGE 3   

 118   1              DelaySMG(500);
 119   1              DispaySMG_Bit(0xff,7);
 120   1      }
 121          
 122          main()
 123          {
 124   1              Init();
 125   1                      DS1302_Config();
 126   1              while(1)
 127   1              {
 128   2                      DS1302_ReadTime();
 129   2                      XMF_ShowRealTime();
 130   2              }
 131   1      }


MODULE INFORMATION:   STATIC OVERLAYABLE
   CODE SIZE        =    299    ----
   CONSTANT SIZE    =     32    ----
   XDATA SIZE       =   ----    ----
   PDATA SIZE       =   ----    ----
   DATA SIZE        =      7       2
   IDATA SIZE       =   ----    ----
   BIT SIZE         =   ----    ----
END OF MODULE INFORMATION.


C51 COMPILATION COMPLETE.  0 WARNING(S),  0 ERROR(S)
