C51 COMPILER V9.01   KEY                                                                   02/04/2023 14:49:18 PAGE 1   


C51 COMPILER V9.01, COMPILATION OF MODULE KEY
OBJECT MODULE PLACED IN key.OBJ
COMPILER INVOKED BY: D:\KEIL4 C51\C51\BIN\C51.EXE key.c BROWSE DEBUG OBJECTEXTEND

line level    source

   1          #include "reg52.h"
   2          
   3          typedef unsigned int u16;
   4          typedef unsigned char u8;
   5          
   6          sbit S7 = P3^0;
   7          sbit S6 = P3^1;
   8          sbit S5 = P3^2;
   9          sbit S4 = P3^3;
  10          
  11          sbit L1 = P0^0;
  12          sbit L2 = P0^1;
  13          sbit L3 = P0^2;
  14          sbit L4 = P0^3;
  15          sbit L5 = P0^4;
  16          sbit L6 = P0^5;
  17          
  18          void delay_10us(u16 ten_us)//延时函数，当传入Ten_us=1时，大约延时10us
  19          {
  20   1              while(ten_us--);
  21   1      }
  22          
  23          void SeleteHC573(u8 channel) // 锁存器选择 用于使能对应锁存器启动对应外设
  24          {
  25   1              switch(channel)
  26   1              {
  27   2                      case 4:
  28   2                              P2 = (P2 & 0x1f) | 0x80; // (P2 & 0x1f)选择高三位，或上0x80(1000 0000)对高三位进行判断 使高三为100
  29   2                      break;
  30   2                      case 5:
  31   2                              P2 = (P2 & 0x1f) | 0xa0;
  32   2                      break;
  33   2                      case 6:
  34   2                              P2 = (P2 & 0x1f) | 0xc0;
  35   2                      break;
  36   2                      case 7:
  37   2                              P2 = (P2 & 0x1f) | 0xe0;
  38   2                      break;
  39   2              }       
  40   1      }
  41          
  42          void ScanKeys_alone()
  43          {
  44   1              if(S7 == 0)
  45   1              {
  46   2                      delay_10us(100);
  47   2                      if(S7 == 0)
  48   2                      {
  49   3                              L1 = 0;
  50   3                              while(S7 == 0); // 等待按键松开
  51   3                              L1 = 1;
  52   3                      }
  53   2              }       
  54   1              if(S6 == 0)
  55   1              {
C51 COMPILER V9.01   KEY                                                                   02/04/2023 14:49:18 PAGE 2   

  56   2                      delay_10us(100);
  57   2                      if(S6 == 0)
  58   2                      {
  59   3                              L1 = 0;
  60   3                              while(S6 == 0); // 等待按键松开
  61   3                              L1 = 1;
  62   3                      }
  63   2              }
  64   1              if(S5 == 0)
  65   1              {
  66   2                      delay_10us(100);
  67   2                      if(S5 == 0)
  68   2                      {
  69   3                              L1 = 0;
  70   3                              while(S5 == 0); // 等待按键松开
  71   3                              L1 = 1;
  72   3                      }
  73   2              }
  74   1              if(S4 == 0)
  75   1              {
  76   2                      delay_10us(100);
  77   2                      if(S4 == 0)
  78   2                      {
  79   3                              L1 = 0;
  80   3                              while(S4 == 0); // 等待按键松开
  81   3                              L1 = 1;
  82   3                      }
  83   2              }
  84   1      }
  85          
  86          
  87          
  88          void main()
  89          {
  90   1              SeleteHC573(4);
  91   1              while(1)
  92   1              {
  93   2                      ScanKeys_alone();
  94   2              }
  95   1      }


MODULE INFORMATION:   STATIC OVERLAYABLE
   CODE SIZE        =    141    ----
   CONSTANT SIZE    =   ----    ----
   XDATA SIZE       =   ----    ----
   PDATA SIZE       =   ----    ----
   DATA SIZE        =   ----    ----
   IDATA SIZE       =   ----    ----
   BIT SIZE         =   ----    ----
END OF MODULE INFORMATION.


C51 COMPILATION COMPLETE.  0 WARNING(S),  0 ERROR(S)
